<?xml version="1.0" encoding="UTF-8"?>
<!DOCTYPE xwork PUBLIC "-//OpenSymphony Group//XWork 1.0//EN" "http://www.opensymphony.com/xwork/xwork-1.1.dtd">
        
<!-- Used by the TestStrutsFactory TestCase. -->
<xwork>
  <package name="/org/apache/ti/legacy" namespace="/org/apache/ti/legacy">
    <result-types>
      <result-type class="com.opensymphony.webwork.dispatcher.ServletDispatcherResult" name="servletDispatcherResult"/>
    </result-types>
    <global-results>
      <result name="globalResult" type="servletDispatcherResult">
        <param name="location">noexist.jsp</param>
      </result>
    </global-results>
    <global-exception-mappings>
      <exception-mapping
        name="globalException"
        exception="java.lang.Exception"
        result="globalResult"/>
    </global-exception-mappings>
    <action class="com.opensymphony.xwork.ActionSupport" name="action1">
      <result name="result1" type="servletDispatcherResult">
        <param name="location">result1.jsp</param>
      </result>
      <result name="result2" type="servletDispatcherResult">
        <param name="location">result1.jsp</param>
      </result>
      <exception-mapping
        name="exception1"
        exception="java.lang.NullPointerException"
        result="someResult"/>
      <exception-mapping
        name="exception2"
        exception="java.lang.IllegalStateException"
        result="anotherResult"/>
    </action>
    <action class="com.opensymphony.xwork.ActionSupport" name="action2"/>
  </package>
</xwork>

